Сборка начата 01.05.2015 5:12:30.
     1>Проект "C:\Users\БАРС\Documents\Visual Studio 2013\Projects\DIRECTX_11_MEGADEMO\DIRECTX_11_MEGADEMO\DIRECTX_11_MEGADEMO.vcxproj" в узле 2 (целевые объекты Build).
     1>ClCompile:
         C:\Program Files (x86)\Microsoft Visual Studio 12.0\VC\bin\CL.exe /c /ZI /nologo /W3 /WX- /sdl /Od /Oy- /D _MBCS /Gm /EHsc /RTC1 /MDd /GS /fp:precise /Zc:wchar_t- /Zc:forScope /Fo"Debug\\" /Fd"Debug\vc120.pdb" /Gd /TP /analyze- /errorReport:prompt Renderer.cpp
         Renderer.cpp
     1>c:\users\барс\documents\visual studio 2013\projects\directx_11_megademo\directx_11_megademo\renderer.cpp(12): warning C4244: аргумент: преобразование "int" в "float", возможна потеря данных
     1>c:\users\барс\documents\visual studio 2013\projects\directx_11_megademo\directx_11_megademo\renderer.cpp(214): warning C4305: +=: усечение из "double" к "float"
       Link:
         C:\Program Files (x86)\Microsoft Visual Studio 12.0\VC\bin\link.exe /ERRORREPORT:PROMPT /OUT:"C:\Users\БАРС\Documents\Visual Studio 2013\Projects\DIRECTX_11_MEGADEMO\Debug\DIRECTX_11_MEGADEMO.exe" /INCREMENTAL /NOLOGO d3d11.lib d3dcompiler.lib dinput8.lib dxguid.lib kernel32.lib user32.lib gdi32.lib winspool.lib comdlg32.lib advapi32.lib shell32.lib ole32.lib oleaut32.lib uuid.lib odbc32.lib odbccp32.lib /MANIFEST /MANIFESTUAC:"level='asInvoker' uiAccess='false'" /manifest:embed /DEBUG /PDB:"C:\Users\БАРС\Documents\Visual Studio 2013\Projects\DIRECTX_11_MEGADEMO\Debug\DIRECTX_11_MEGADEMO.pdb" /TLBID:1 /DYNAMICBASE /NXCOMPAT /IMPLIB:"C:\Users\БАРС\Documents\Visual Studio 2013\Projects\DIRECTX_11_MEGADEMO\Debug\DIRECTX_11_MEGADEMO.lib" /MACHINE:X86 Debug\Camera.obj
         Debug\DDSTextureLoader.obj
         Debug\DeviceDependent.obj
         Debug\IndexBuffer.obj
         Debug\Input.obj
         Debug\Kernel.obj
         Debug\main.obj
         Debug\ResourceManager.obj
         Debug\Terrain.obj
         Debug\Transformable.obj
         Debug\Renderer.obj
         Debug\Shader.obj
         Debug\Texture.obj
         Debug\VertexBuffer.obj
         DIRECTX_11_MEGADEMO.vcxproj -> C:\Users\БАРС\Documents\Visual Studio 2013\Projects\DIRECTX_11_MEGADEMO\Debug\DIRECTX_11_MEGADEMO.exe
     1>Сборка проекта "C:\Users\БАРС\Documents\Visual Studio 2013\Projects\DIRECTX_11_MEGADEMO\DIRECTX_11_MEGADEMO\DIRECTX_11_MEGADEMO.vcxproj" завершена (целевые объекты Build).

Сборка успешно завершена.

Затраченное время: 00:00:01.48
