c:\users\барс\documents\visual studio 2013\projects\directx_11_megademo\directx_11_megademo\debug\vc120.pdb
c:\users\барс\documents\visual studio 2013\projects\directx_11_megademo\directx_11_megademo\debug\vc120.idb
c:\users\барс\documents\visual studio 2013\projects\directx_11_megademo\directx_11_megademo\debug\main.obj
c:\users\барс\documents\visual studio 2013\projects\directx_11_megademo\directx_11_megademo\debug\kernel.obj
c:\users\барс\documents\visual studio 2013\projects\directx_11_megademo\directx_11_megademo\debug\renderer.obj
c:\users\барс\documents\visual studio 2013\projects\directx_11_megademo\directx_11_megademo\debug\input.obj
c:\users\барс\documents\visual studio 2013\projects\directx_11_megademo\directx_11_megademo\debug\shadermanager.obj
c:\users\барс\documents\visual studio 2013\projects\directx_11_megademo\directx_11_megademo\debug\vertexbuffer.obj
c:\users\барс\documents\visual studio 2013\projects\directx_11_megademo\directx_11_megademo\debug\shader.obj
c:\users\барс\documents\visual studio 2013\projects\directx_11_megademo\directx_11_megademo\debug\mesh.obj
c:\users\барс\documents\visual studio 2013\projects\directx_11_megademo\directx_11_megademo\debug\indexbuffer.obj
c:\users\барс\documents\visual studio 2013\projects\directx_11_megademo\debug\directx_11_megademo.ilk
c:\users\барс\documents\visual studio 2013\projects\directx_11_megademo\debug\directx_11_megademo.exe
c:\users\барс\documents\visual studio 2013\projects\directx_11_megademo\debug\directx_11_megademo.pdb
c:\users\барс\documents\visual studio 2013\projects\directx_11_megademo\directx_11_megademo\debug\directx_.b4a70de3.tlog\cl.command.1.tlog
c:\users\барс\documents\visual studio 2013\projects\directx_11_megademo\directx_11_megademo\debug\directx_.b4a70de3.tlog\cl.read.1.tlog
c:\users\барс\documents\visual studio 2013\projects\directx_11_megademo\directx_11_megademo\debug\directx_.b4a70de3.tlog\cl.write.1.tlog
c:\users\барс\documents\visual studio 2013\projects\directx_11_megademo\directx_11_megademo\debug\directx_.b4a70de3.tlog\fxc.command.1.tlog
c:\users\барс\documents\visual studio 2013\projects\directx_11_megademo\directx_11_megademo\debug\directx_.b4a70de3.tlog\fxc.read.1.tlog
c:\users\барс\documents\visual studio 2013\projects\directx_11_megademo\directx_11_megademo\debug\directx_.b4a70de3.tlog\fxc.write.1.tlog
c:\users\барс\documents\visual studio 2013\projects\directx_11_megademo\directx_11_megademo\debug\directx_.b4a70de3.tlog\link.command.1.tlog
c:\users\барс\documents\visual studio 2013\projects\directx_11_megademo\directx_11_megademo\debug\directx_.b4a70de3.tlog\link.read.1.tlog
c:\users\барс\documents\visual studio 2013\projects\directx_11_megademo\directx_11_megademo\debug\directx_.b4a70de3.tlog\link.write.1.tlog
